<?xml version="1.0" encoding="UTF-8"?>
<!-- Generated by org.testng.reporters.JUnitXMLReporter -->
<testsuite ignored="1" hostname="DESKTOP-3L1ALEO" failures="0" tests="4" name="Default test" time="52.36" errors="0" timestamp="2025-03-03T15:41:56 IST">
  <testcase classname="Testcases.VerifyPage1FB" name="loginTc" time="5.201"/>
  <testcase classname="Testcases.VerifyPage1FB" name="loginTc" time="2.012"/>
  <testcase classname="Testcases.VerifyPage1FB" name="loginTc" time="1.541"/>
  <testcase classname="Testcases.VerifyPage1FB" name="loginTc" time="1.719"/>
  <testcase classname="Testcases.VerifyPage1FB" name="verifyForgetPwd" time="0.0">
    <ignored/>
  </testcase> <!-- verifyForgetPwd -->
</testsuite> <!-- Default test -->
