<?xml version="1.0" encoding="UTF-8"?>
<!-- Generated by org.testng.reporters.JUnitXMLReporter -->
<testsuite ignored="0" hostname="DESKTOP-3L1ALEO" failures="0" tests="4" name="datadriven" time="51.562" errors="0" timestamp="2025-03-03T10:29:13 IST">
  <testcase classname="day13.task.copy.DataDrivenFB" name="loginTc" time="1.746"/>
  <testcase classname="day13.task.copy.DataDrivenFB" name="loginTc" time="2.014"/>
  <testcase classname="day13.task.copy.DataDrivenFB" name="loginTc" time="1.802"/>
  <testcase classname="day13.task.copy.DataDrivenFB" name="loginTc" time="5.461"/>
</testsuite> <!-- datadriven -->
