<?xml version="1.0" encoding="UTF-8"?>
<testng-results ignored="0" total="3" passed="3" failed="0" skipped="0">
  <reporter-output>
  </reporter-output>
  <suite started-at="2025-03-04T15:58:56 IST" name="Suite" finished-at="2025-03-04T15:59:11 IST" duration-ms="14372">
    <groups>
    </groups>
    <test started-at="2025-03-04T15:58:56 IST" name="Test" finished-at="2025-03-04T15:59:11 IST" duration-ms="14372">
      <class name="mar4.testListener">
        <test-method is-config="true" signature="setup()[pri:0, instance:mar4.testListener@2002fc1d]" started-at="2025-03-04T15:58:57 IST" name="setup" finished-at="2025-03-04T15:59:04 IST" duration-ms="6585" status="PASS">
          <reporter-output>
          </reporter-output>
        </test-method> <!-- setup -->
        <test-method signature="loginTc()[pri:0, instance:mar4.testListener@2002fc1d]" started-at="2025-03-04T15:59:04 IST" name="loginTc" finished-at="2025-03-04T15:59:04 IST" duration-ms="726" status="PASS">
          <reporter-output>
          </reporter-output>
        </test-method> <!-- loginTc -->
        <test-method signature="setup()[pri:0, instance:mar4.testListener@2002fc1d]" started-at="2025-03-04T15:59:04 IST" name="setup" finished-at="2025-03-04T15:59:10 IST" duration-ms="5837" status="PASS">
          <reporter-output>
          </reporter-output>
        </test-method> <!-- setup -->
        <test-method signature="tearDown()[pri:0, instance:mar4.testListener@2002fc1d]" started-at="2025-03-04T15:59:10 IST" name="tearDown" finished-at="2025-03-04T15:59:11 IST" duration-ms="396" status="PASS">
          <reporter-output>
          </reporter-output>
        </test-method> <!-- tearDown -->
        <test-method is-config="true" signature="tearDown()[pri:0, instance:mar4.testListener@2002fc1d]" started-at="2025-03-04T15:59:11 IST" name="tearDown" finished-at="2025-03-04T15:59:11 IST" duration-ms="1" status="PASS">
          <reporter-output>
          </reporter-output>
        </test-method> <!-- tearDown -->
      </class> <!-- mar4.testListener -->
    </test> <!-- Test -->
  </suite> <!-- Suite -->
</testng-results>
