<?xml version="1.0" encoding="UTF-8"?>
<testng-results ignored="0" total="1" passed="1" failed="0" skipped="0">
  <reporter-output>
  </reporter-output>
  <suite started-at="2025-03-11T12:55:12 IST" name="Default suite" finished-at="2025-03-11T12:55:59 IST" duration-ms="46584">
    <groups>
      <group name="cucumber">
        <method signature="AbstractTestNGCucumberTests.runScenario(io.cucumber.testng.PickleWrapper,io.cucumber.testng.FeatureWrapper)[pri:0, instance:runner.RunnerFileTestCase@6200f9cb]" name="runScenario" class="io.cucumber.testng.AbstractTestNGCucumberTests"/>
      </group> <!-- cucumber -->
    </groups>
    <test started-at="2025-03-11T12:55:12 IST" name="Default test" finished-at="2025-03-11T12:55:59 IST" duration-ms="46584">
      <class name="runner.RunnerFileTestCase">
        <test-method is-config="true" signature="setUpClass(org.testng.ITestContext)[pri:0, instance:runner.RunnerFileTestCase@6200f9cb]" started-at="2025-03-11T12:55:12 IST" name="setUpClass" finished-at="2025-03-11T12:55:14 IST" duration-ms="1777" status="PASS">
          <params>
            <param index="0">
              <value>
                <![CDATA[org.testng.TestRunner@642505c7]]>
              </value>
            </param>
          </params>
          <reporter-output>
          </reporter-output>
        </test-method> <!-- setUpClass -->
        <test-method signature="runScenario(io.cucumber.testng.PickleWrapper,io.cucumber.testng.FeatureWrapper)[pri:0, instance:runner.RunnerFileTestCase@6200f9cb]" started-at="2025-03-11T12:55:14 IST" name="runScenario" description="Runs Cucumber Scenarios" data-provider="scenarios" finished-at="2025-03-11T12:55:59 IST" duration-ms="44557" status="PASS">
          <params>
            <param index="0">
              <value>
                <![CDATA["I have to create account in rediif and sign in"]]>
              </value>
            </param>
            <param index="1">
              <value>
                <![CDATA["Account Creation in Rediff"]]>
              </value>
            </param>
          </params>
          <reporter-output>
          </reporter-output>
        </test-method> <!-- runScenario -->
        <test-method is-config="true" signature="tearDownClass()[pri:0, instance:runner.RunnerFileTestCase@6200f9cb]" started-at="2025-03-11T12:55:59 IST" name="tearDownClass" finished-at="2025-03-11T12:55:59 IST" duration-ms="118" status="PASS">
          <reporter-output>
          </reporter-output>
        </test-method> <!-- tearDownClass -->
      </class> <!-- runner.RunnerFileTestCase -->
    </test> <!-- Default test -->
  </suite> <!-- Default suite -->
</testng-results>
