<?xml version="1.0" encoding="UTF-8"?>
<!-- Generated by org.testng.reporters.JUnitXMLReporter -->
<testsuite ignored="2" hostname="Dell-G15" failures="0" tests="3" name="GroupTests" time="0.045" errors="0" timestamp="2025-02-28T17:57:27 IST">
  <testcase classname="com.wipro.day6.XmlDemo" name="B" time="0.007"/>
  <testcase classname="com.wipro.day6.XmlDemo" name="C" time="0.001"/>
  <testcase classname="com.wipro.day6.XmlDemo" name="E" time="0.002"/>
  <testcase classname="com.wipro.day6.XmlDemo" name="A" time="0.0">
    <ignored/>
  </testcase> <!-- A -->
  <testcase classname="com.wipro.day6.XmlDemo" name="D" time="0.0">
    <ignored/>
  </testcase> <!-- D -->
</testsuite> <!-- GroupTests -->
