<?xml version="1.0" encoding="UTF-8"?>
<!-- Generated by org.testng.reporters.JUnitXMLReporter -->
<testsuite ignored="1" hostname="Dell-G15" failures="0" tests="4" name="ParallelTest" time="0.063" errors="0" timestamp="2025-02-28T15:06:25 IST">
  <testcase classname="com.wipro.day6.ParallelDemo" name="C" time="0.017"/>
  <testcase classname="com.wipro.day6.ParallelDemo" name="B" time="0.018"/>
  <testcase classname="com.wipro.day6.ParallelDemo" name="E" time="0.017"/>
  <testcase classname="com.wipro.day6.ParallelDemo" name="A" time="0.017"/>
  <testcase classname="com.wipro.day6.ParallelDemo" name="D" time="0.0">
    <ignored/>
  </testcase> <!-- D -->
</testsuite> <!-- ParallelTest -->
