<?xml version="1.0" encoding="UTF-8"?>
<!-- Generated by org.testng.reporters.JUnitXMLReporter -->
<testsuite ignored="0" hostname="DESKTOP-3L1ALEO" failures="0" tests="4" name="Test" time="73.13" errors="0" timestamp="2025-03-03T14:32:21 IST">
  <testcase classname="Testcases.VerifyPage1FB" name="loginTc" time="3.192"/>
  <testcase classname="Testcases.VerifyPage1FB" name="loginTc" time="2.264"/>
  <testcase classname="Testcases.VerifyPage1FB" name="loginTc" time="2.248"/>
  <testcase classname="Testcases.VerifyPage1FB" name="loginTc" time="5.672"/>
</testsuite> <!-- Test -->
