<?xml version="1.0" encoding="UTF-8"?>
<testng-results ignored="0" total="4" passed="4" failed="0" skipped="0">
  <reporter-output>
  </reporter-output>
  <suite started-at="2025-03-03T15:41:04 IST" name="Default suite" finished-at="2025-03-03T15:41:56 IST" duration-ms="52360">
    <groups>
    </groups>
    <test started-at="2025-03-03T15:41:04 IST" name="Default test" finished-at="2025-03-03T15:41:56 IST" duration-ms="52360">
      <class name="Testcases.VerifyPage1FB">
        <test-method is-config="true" signature="setUp()[pri:0, instance:Testcases.VerifyPage1FB@765d7657]" started-at="2025-03-03T15:41:07 IST" name="setUp" finished-at="2025-03-03T15:41:17 IST" duration-ms="9211" status="PASS">
          <reporter-output>
          </reporter-output>
        </test-method> <!-- setUp -->
        <test-method signature="loginTc(java.lang.String,java.lang.String)[pri:1, instance:Testcases.VerifyPage1FB@765d7657]" started-at="2025-03-03T15:41:17 IST" name="loginTc" data-provider="info" finished-at="2025-03-03T15:41:22 IST" duration-ms="5201" status="PASS">
          <params>
            <param index="0">
              <value>
                <![CDATA[usnm]]>
              </value>
            </param>
            <param index="1">
              <value>
                <![CDATA[pwd]]>
              </value>
            </param>
          </params>
          <reporter-output>
          </reporter-output>
        </test-method> <!-- loginTc -->
        <test-method is-config="true" signature="tearDown(org.testng.ITestResult)[pri:0, instance:Testcases.VerifyPage1FB@765d7657]" started-at="2025-03-03T15:41:22 IST" name="tearDown" finished-at="2025-03-03T15:41:25 IST" duration-ms="3239" status="PASS">
          <params>
            <param index="0">
              <value>
                <![CDATA[[TestResult name=loginTc status=SUCCESS method=VerifyPage1FB.loginTc(java.lang.String,java.lang.String)[pri:1, instance:Testcases.VerifyPage1FB@765d7657] output={null}]]]>
              </value>
            </param>
          </params>
          <reporter-output>
          </reporter-output>
        </test-method> <!-- tearDown -->
        <test-method is-config="true" signature="setUp()[pri:0, instance:Testcases.VerifyPage1FB@765d7657]" started-at="2025-03-03T15:41:25 IST" name="setUp" finished-at="2025-03-03T15:41:31 IST" duration-ms="6075" status="PASS">
          <reporter-output>
          </reporter-output>
        </test-method> <!-- setUp -->
        <test-method signature="loginTc(java.lang.String,java.lang.String)[pri:1, instance:Testcases.VerifyPage1FB@765d7657]" started-at="2025-03-03T15:41:31 IST" name="loginTc" data-provider="info" finished-at="2025-03-03T15:41:33 IST" duration-ms="2012" status="PASS">
          <params>
            <param index="0">
              <value>
                <![CDATA[sedhu]]>
              </value>
            </param>
            <param index="1">
              <value>
                <![CDATA[sed136]]>
              </value>
            </param>
          </params>
          <reporter-output>
          </reporter-output>
        </test-method> <!-- loginTc -->
        <test-method is-config="true" signature="tearDown(org.testng.ITestResult)[pri:0, instance:Testcases.VerifyPage1FB@765d7657]" started-at="2025-03-03T15:41:33 IST" name="tearDown" finished-at="2025-03-03T15:41:36 IST" duration-ms="3089" status="PASS">
          <params>
            <param index="0">
              <value>
                <![CDATA[[TestResult name=loginTc status=SUCCESS method=VerifyPage1FB.loginTc(java.lang.String,java.lang.String)[pri:1, instance:Testcases.VerifyPage1FB@765d7657] output={null}]]]>
              </value>
            </param>
          </params>
          <reporter-output>
          </reporter-output>
        </test-method> <!-- tearDown -->
        <test-method is-config="true" signature="setUp()[pri:0, instance:Testcases.VerifyPage1FB@765d7657]" started-at="2025-03-03T15:41:36 IST" name="setUp" finished-at="2025-03-03T15:41:42 IST" duration-ms="5854" status="PASS">
          <reporter-output>
          </reporter-output>
        </test-method> <!-- setUp -->
        <test-method signature="loginTc(java.lang.String,java.lang.String)[pri:1, instance:Testcases.VerifyPage1FB@765d7657]" started-at="2025-03-03T15:41:42 IST" name="loginTc" data-provider="info" finished-at="2025-03-03T15:41:44 IST" duration-ms="1541" status="PASS">
          <params>
            <param index="0">
              <value>
                <![CDATA[ram]]>
              </value>
            </param>
            <param index="1">
              <value>
                <![CDATA[ram123]]>
              </value>
            </param>
          </params>
          <reporter-output>
          </reporter-output>
        </test-method> <!-- loginTc -->
        <test-method is-config="true" signature="tearDown(org.testng.ITestResult)[pri:0, instance:Testcases.VerifyPage1FB@765d7657]" started-at="2025-03-03T15:41:44 IST" name="tearDown" finished-at="2025-03-03T15:41:46 IST" duration-ms="2031" status="PASS">
          <params>
            <param index="0">
              <value>
                <![CDATA[[TestResult name=loginTc status=SUCCESS method=VerifyPage1FB.loginTc(java.lang.String,java.lang.String)[pri:1, instance:Testcases.VerifyPage1FB@765d7657] output={null}]]]>
              </value>
            </param>
          </params>
          <reporter-output>
          </reporter-output>
        </test-method> <!-- tearDown -->
        <test-method is-config="true" signature="setUp()[pri:0, instance:Testcases.VerifyPage1FB@765d7657]" started-at="2025-03-03T15:41:46 IST" name="setUp" finished-at="2025-03-03T15:41:52 IST" duration-ms="5973" status="PASS">
          <reporter-output>
          </reporter-output>
        </test-method> <!-- setUp -->
        <test-method signature="loginTc(java.lang.String,java.lang.String)[pri:1, instance:Testcases.VerifyPage1FB@765d7657]" started-at="2025-03-03T15:41:52 IST" name="loginTc" data-provider="info" finished-at="2025-03-03T15:41:53 IST" duration-ms="1719" status="PASS">
          <params>
            <param index="0">
              <value>
                <![CDATA[prsanna]]>
              </value>
            </param>
            <param index="1">
              <value>
                <![CDATA[rps321]]>
              </value>
            </param>
          </params>
          <reporter-output>
          </reporter-output>
        </test-method> <!-- loginTc -->
        <test-method is-config="true" signature="tearDown(org.testng.ITestResult)[pri:0, instance:Testcases.VerifyPage1FB@765d7657]" started-at="2025-03-03T15:41:53 IST" name="tearDown" finished-at="2025-03-03T15:41:56 IST" duration-ms="2501" status="PASS">
          <params>
            <param index="0">
              <value>
                <![CDATA[[TestResult name=loginTc status=SUCCESS method=VerifyPage1FB.loginTc(java.lang.String,java.lang.String)[pri:1, instance:Testcases.VerifyPage1FB@765d7657] output={null}]]]>
              </value>
            </param>
          </params>
          <reporter-output>
          </reporter-output>
        </test-method> <!-- tearDown -->
      </class> <!-- Testcases.VerifyPage1FB -->
    </test> <!-- Default test -->
  </suite> <!-- Default suite -->
</testng-results>
