<?xml version="1.0" encoding="UTF-8"?>
<testng-results ignored="0" total="7" passed="6" failed="1" skipped="0">
  <reporter-output>
  </reporter-output>
  <suite started-at="2025-03-21T14:50:14 IST" name="Default suite" finished-at="2025-03-21T14:51:51 IST" duration-ms="97666">
    <groups>
      <group name="cucumber">
        <method signature="AbstractTestNGCucumberTests.runScenario(io.cucumber.testng.PickleWrapper,io.cucumber.testng.FeatureWrapper)[pri:0, instance:com.urbanladder.runners.HomePageRunner@3943a2be]" name="runScenario" class="io.cucumber.testng.AbstractTestNGCucumberTests"/>
      </group> <!-- cucumber -->
    </groups>
    <test started-at="2025-03-21T14:50:14 IST" name="Default test" finished-at="2025-03-21T14:51:51 IST" duration-ms="97666">
      <class name="com.urbanladder.runners.HomePageRunner">
        <test-method is-config="true" signature="setUpClass(org.testng.ITestContext)[pri:0, instance:com.urbanladder.runners.HomePageRunner@3943a2be]" started-at="2025-03-21T14:50:14 IST" name="setUpClass" finished-at="2025-03-21T14:50:26 IST" duration-ms="12567" status="PASS">
          <params>
            <param index="0">
              <value>
                <![CDATA[org.testng.TestRunner@50e5032c]]>
              </value>
            </param>
          </params>
          <reporter-output>
          </reporter-output>
        </test-method> <!-- setUpClass -->
        <test-method signature="runScenario(io.cucumber.testng.PickleWrapper,io.cucumber.testng.FeatureWrapper)[pri:0, instance:com.urbanladder.runners.HomePageRunner@3943a2be]" started-at="2025-03-21T14:50:26 IST" name="runScenario" description="Runs Cucumber Scenarios" data-provider="scenarios" finished-at="2025-03-21T14:50:29 IST" duration-ms="2788" status="PASS">
          <params>
            <param index="0">
              <value>
                <![CDATA["Verify Home Page Sections"]]>
              </value>
            </param>
            <param index="1">
              <value>
                <![CDATA["Home Page Verification"]]>
              </value>
            </param>
          </params>
          <reporter-output>
          </reporter-output>
        </test-method> <!-- runScenario -->
        <test-method signature="runScenario(io.cucumber.testng.PickleWrapper,io.cucumber.testng.FeatureWrapper)[pri:0, instance:com.urbanladder.runners.HomePageRunner@3943a2be]" started-at="2025-03-21T14:50:29 IST" name="runScenario" description="Runs Cucumber Scenarios" data-provider="scenarios" finished-at="2025-03-21T14:50:40 IST" duration-ms="10777" status="PASS">
          <params>
            <param index="0">
              <value>
                <![CDATA["Successful Signup"]]>
              </value>
            </param>
            <param index="1">
              <value>
                <![CDATA["New User Signup"]]>
              </value>
            </param>
          </params>
          <reporter-output>
          </reporter-output>
        </test-method> <!-- runScenario -->
        <test-method signature="runScenario(io.cucumber.testng.PickleWrapper,io.cucumber.testng.FeatureWrapper)[pri:0, instance:com.urbanladder.runners.HomePageRunner@3943a2be]" started-at="2025-03-21T14:50:40 IST" name="runScenario" description="Runs Cucumber Scenarios" data-provider="scenarios" finished-at="2025-03-21T14:50:46 IST" duration-ms="6367" status="PASS">
          <params>
            <param index="0">
              <value>
                <![CDATA["Edit account settings to set a new password"]]>
              </value>
            </param>
            <param index="1">
              <value>
                <![CDATA["New User Signup"]]>
              </value>
            </param>
          </params>
          <reporter-output>
          </reporter-output>
        </test-method> <!-- runScenario -->
        <test-method signature="runScenario(io.cucumber.testng.PickleWrapper,io.cucumber.testng.FeatureWrapper)[pri:0, instance:com.urbanladder.runners.HomePageRunner@3943a2be]" started-at="2025-03-21T14:50:46 IST" name="runScenario" description="Runs Cucumber Scenarios" data-provider="scenarios" finished-at="2025-03-21T14:50:59 IST" duration-ms="12960" status="PASS">
          <params>
            <param index="0">
              <value>
                <![CDATA["Login with different credentials"]]>
              </value>
            </param>
            <param index="1">
              <value>
                <![CDATA["New User Signup"]]>
              </value>
            </param>
          </params>
          <reporter-output>
          </reporter-output>
        </test-method> <!-- runScenario -->
        <test-method signature="runScenario(io.cucumber.testng.PickleWrapper,io.cucumber.testng.FeatureWrapper)[pri:0, instance:com.urbanladder.runners.HomePageRunner@3943a2be]" started-at="2025-03-21T14:50:59 IST" name="runScenario" description="Runs Cucumber Scenarios" data-provider="scenarios" finished-at="2025-03-21T14:51:06 IST" duration-ms="6844" status="PASS">
          <params>
            <param index="0">
              <value>
                <![CDATA["Verify Search functionality"]]>
              </value>
            </param>
            <param index="1">
              <value>
                <![CDATA["Search Functionality in urbanladder"]]>
              </value>
            </param>
          </params>
          <reporter-output>
          </reporter-output>
        </test-method> <!-- runScenario -->
        <test-method signature="runScenario(io.cucumber.testng.PickleWrapper,io.cucumber.testng.FeatureWrapper)[pri:0, instance:com.urbanladder.runners.HomePageRunner@3943a2be]" started-at="2025-03-21T14:51:06 IST" name="runScenario" description="Runs Cucumber Scenarios" data-provider="scenarios" finished-at="2025-03-21T14:51:17 IST" duration-ms="11507" status="FAIL">
          <params>
            <param index="0">
              <value>
                <![CDATA["Verify Product Page Sections"]]>
              </value>
            </param>
            <param index="1">
              <value>
                <![CDATA["Product Page Verification"]]>
              </value>
            </param>
          </params>
          <exception class="org.openqa.selenium.ElementClickInterceptedException">
            <message>
              <![CDATA[element click intercepted: Element <button name="button" type="submit" class="button full" id="add-to-cart-button" data-event="add_to_cart" data-id="" data-gaclick="1" data-gaaction="" data-gaproduct="true" data-gausetimespent="true" data-sku="" data-gacategory="Sofa_Prod_Page">...</button> is not clickable at point (1030, 568). Other element would receive the click: <img alt="Alden wooden sofa -Finish- Teak (Indigo Blue honduras) by Urban Ladder - - " title="Alden wooden sofa -Finish- Teak (Indigo Blue honduras) by Urban Ladder - - " data-caption="Alden wooden sofa -Finish- Teak (Indigo Blue honduras) by Urban Ladder - - " src="https://www.ulcdn.net/images/products/719873/original/FNSF51TKIB3_-_main_1.jpg?1673440209">
  (Session info: chrome=134.0.6998.89)
Build info: version: '4.28.1', revision: '73f5ad48a2'
System info: os.name: 'Windows 10', os.arch: 'amd64', os.version: '10.0', java.version: '23.0.2'
Driver info: org.openqa.selenium.chrome.ChromeDriver
Command: [addb84f6ec7be596cb5d21cf5c22d77b, clickElement {id=f.E090E1EDE9FB8586CAE1A135CF605C6F.d.80C465BF4ABB49A3183FC241DA349E9F.e.912}]
Capabilities {acceptInsecureCerts: false, browserName: chrome, browserVersion: 134.0.6998.89, chrome: {chromedriverVersion: 134.0.6998.90 (219ee74681fc..., userDataDir: C:\Windows\SystemTemp\scope...}, fedcm:accounts: true, goog:chromeOptions: {debuggerAddress: localhost:55883}, networkConnectionEnabled: false, pageLoadStrategy: normal, platformName: windows, proxy: Proxy(), se:cdp: ws://localhost:55883/devtoo..., se:cdpVersion: 134.0.6998.89, setWindowRect: true, strictFileInteractability: false, timeouts: {implicit: 0, pageLoad: 300000, script: 30000}, unhandledPromptBehavior: dismiss and notify, webauthn:extension:credBlob: true, webauthn:extension:largeBlob: true, webauthn:extension:minPinLength: true, webauthn:extension:prf: true, webauthn:virtualAuthenticators: true}
Element: [[ChromeDriver: chrome on windows (addb84f6ec7be596cb5d21cf5c22d77b)] -> xpath: //button[@class='button full']]
Session ID: addb84f6ec7be596cb5d21cf5c22d77b]]>
            </message>
            <full-stacktrace>
              <![CDATA[org.openqa.selenium.ElementClickInterceptedException: element click intercepted: Element <button name="button" type="submit" class="button full" id="add-to-cart-button" data-event="add_to_cart" data-id="" data-gaclick="1" data-gaaction="" data-gaproduct="true" data-gausetimespent="true" data-sku="" data-gacategory="Sofa_Prod_Page">...</button> is not clickable at point (1030, 568). Other element would receive the click: <img alt="Alden wooden sofa -Finish- Teak (Indigo Blue honduras) by Urban Ladder - - " title="Alden wooden sofa -Finish- Teak (Indigo Blue honduras) by Urban Ladder - - " data-caption="Alden wooden sofa -Finish- Teak (Indigo Blue honduras) by Urban Ladder - - " src="https://www.ulcdn.net/images/products/719873/original/FNSF51TKIB3_-_main_1.jpg?1673440209">
  (Session info: chrome=134.0.6998.89)
Build info: version: '4.28.1', revision: '73f5ad48a2'
System info: os.name: 'Windows 10', os.arch: 'amd64', os.version: '10.0', java.version: '23.0.2'
Driver info: org.openqa.selenium.chrome.ChromeDriver
Command: [addb84f6ec7be596cb5d21cf5c22d77b, clickElement {id=f.E090E1EDE9FB8586CAE1A135CF605C6F.d.80C465BF4ABB49A3183FC241DA349E9F.e.912}]
Capabilities {acceptInsecureCerts: false, browserName: chrome, browserVersion: 134.0.6998.89, chrome: {chromedriverVersion: 134.0.6998.90 (219ee74681fc..., userDataDir: C:\Windows\SystemTemp\scope...}, fedcm:accounts: true, goog:chromeOptions: {debuggerAddress: localhost:55883}, networkConnectionEnabled: false, pageLoadStrategy: normal, platformName: windows, proxy: Proxy(), se:cdp: ws://localhost:55883/devtoo..., se:cdpVersion: 134.0.6998.89, setWindowRect: true, strictFileInteractability: false, timeouts: {implicit: 0, pageLoad: 300000, script: 30000}, unhandledPromptBehavior: dismiss and notify, webauthn:extension:credBlob: true, webauthn:extension:largeBlob: true, webauthn:extension:minPinLength: true, webauthn:extension:prf: true, webauthn:virtualAuthenticators: true}
Element: [[ChromeDriver: chrome on windows (addb84f6ec7be596cb5d21cf5c22d77b)] -> xpath: //button[@class='button full']]
Session ID: addb84f6ec7be596cb5d21cf5c22d77b
at java.base/jdk.internal.reflect.DirectConstructorHandleAccessor.newInstance(DirectConstructorHandleAccessor.java:62)
at java.base/java.lang.reflect.Constructor.newInstanceWithCaller(Constructor.java:501)
at java.base/java.lang.reflect.Constructor.newInstance(Constructor.java:485)
at org.openqa.selenium.remote.ErrorCodec.decode(ErrorCodec.java:167)
at org.openqa.selenium.remote.codec.w3c.W3CHttpResponseCodec.decode(W3CHttpResponseCodec.java:138)
at org.openqa.selenium.remote.codec.w3c.W3CHttpResponseCodec.decode(W3CHttpResponseCodec.java:50)
at org.openqa.selenium.remote.HttpCommandExecutor.execute(HttpCommandExecutor.java:215)
at org.openqa.selenium.remote.service.DriverCommandExecutor.invokeExecute(DriverCommandExecutor.java:216)
at org.openqa.selenium.remote.service.DriverCommandExecutor.execute(DriverCommandExecutor.java:174)
at org.openqa.selenium.remote.RemoteWebDriver.execute(RemoteWebDriver.java:545)
at org.openqa.selenium.remote.RemoteWebElement.execute(RemoteWebElement.java:223)
at org.openqa.selenium.remote.RemoteWebElement.click(RemoteWebElement.java:76)
at com.urbanladder.pageClasses.ProductDetailsPage.AddedToCart(ProductDetailsPage.java:144)
at com.urbanladder.stepDefinition.ProductDetailsStepDef.the_user_add_the_product_from_wishlist_to_cart(ProductDetailsStepDef.java:45)
at ✽.the user add the product  from wishlist to cart(file:///C:/Users/Administrator/Downloads/Capstone_UrbanLadder/Capstone_UrbanLadder/src/test/resources/features/STProductDetails.feature:10)
]]>
            </full-stacktrace>
          </exception> <!-- org.openqa.selenium.ElementClickInterceptedException -->
          <reporter-output>
          </reporter-output>
        </test-method> <!-- runScenario -->
        <test-method signature="runScenario(io.cucumber.testng.PickleWrapper,io.cucumber.testng.FeatureWrapper)[pri:0, instance:com.urbanladder.runners.HomePageRunner@3943a2be]" started-at="2025-03-21T14:51:17 IST" name="runScenario" description="Runs Cucumber Scenarios" data-provider="scenarios" finished-at="2025-03-21T14:51:50 IST" duration-ms="32465" status="PASS">
          <params>
            <param index="0">
              <value>
                <![CDATA["Buying the product"]]>
              </value>
            </param>
            <param index="1">
              <value>
                <![CDATA["Buying product"]]>
              </value>
            </param>
          </params>
          <reporter-output>
          </reporter-output>
        </test-method> <!-- runScenario -->
        <test-method is-config="true" signature="tearDownClass()[pri:0, instance:com.urbanladder.runners.HomePageRunner@3943a2be]" started-at="2025-03-21T14:51:50 IST" name="tearDownClass" finished-at="2025-03-21T14:51:51 IST" duration-ms="1216" status="PASS">
          <reporter-output>
          </reporter-output>
        </test-method> <!-- tearDownClass -->
      </class> <!-- com.urbanladder.runners.HomePageRunner -->
    </test> <!-- Default test -->
  </suite> <!-- Default suite -->
</testng-results>
