<?xml version="1.0" encoding="UTF-8"?>
<!-- Generated by org.testng.reporters.JUnitReportReporter -->
<testsuite hostname="Dell-G15" failures="0" tests="1" name="Runners.DemoGuruLoginTest" time="0.127" errors="1" timestamp="2025-03-06T14:25:00 IST" skipped="0">
  <testcase classname="Runners.DemoGuruLoginTest" name="runScenario" time="0.127">
    <error message="Cannot invoke &quot;org.openqa.selenium.WebDriver.get(String)&quot; because &quot;TestCases.Base.driver&quot; is null" type="java.lang.NullPointerException">
      <![CDATA[java.lang.NullPointerException: Cannot invoke "org.openqa.selenium.WebDriver.get(String)" because "TestCases.Base.driver" is null
at stepDefinition.DemoGuruLoginPage.setURL(DemoGuruLoginPage.java:23)
at ✽.I navigate to "https://demo.guru99.com/test/newtours/" loginPage(file:///C:/Users/saisu/git/classwork_selenium/Selenium_Cucumber/src/test/java/features/DemoGuruLogin.feature:4)
]]>
    </error>
  </testcase> <!-- runScenario -->
</testsuite> <!-- Runners.DemoGuruLoginTest -->
