<?xml version="1.0" encoding="UTF-8"?>
<testsuite xmlns:xsi="http://www.w3.org/2001/XMLSchema-instance" xsi:noNamespaceSchemaLocation="https://maven.apache.org/surefire/maven-surefire-plugin/xsd/surefire-test-report-3.0.xsd" version="3.0" name="runner.RunnerFileTestCase" time="49.951" tests="1" errors="0" skipped="0" failures="0">
  <properties>
[...]
</properties>
  <testcase name="runScenario[&quot;I have to create account in rediif and sign in&quot;, &quot;Account Creation in Rediff&quot;](1)" classname="runner.RunnerFileTestCase" time="47.482">
    <system-out><![CDATA[
Scenario: I have to create account in rediif and sign in &amp#27;[90m# src/test/resources/FeaturePkg/AccountCreation.feature:3&amp#27;[0m
Web Browser opening: Chrome
  &amp#27;[32mGiven &amp#27;[0m&amp#27;[32mI navigated to &amp#27;[0m&amp#27;[32m&amp#27;[1m"https://www.rediff.com/"&amp#27;[0m&amp#27;[32m website&amp#27;[0m &amp#27;[90m# stepsDef.Steps.i_navigated_to_website(java.lang.String)&amp#27;[0m
  &amp#27;[32mAnd &amp#27;[0m&amp#27;[32mI clicked on create new account&amp#27;[0m                    &amp#27;[90m# stepsDef.Steps.i_clicked_on_create_new_account()&amp#27;[0m
  &amp#27;[32mAnd &amp#27;[0m&amp#27;[32mI enter the details&amp#27;[0m                                &amp#27;[90m# stepsDef.Steps.i_enter_the_details()&amp#27;[0m
  &amp#27;[32mThen &amp#27;[0m&amp#27;[32mI clicked on Create_My_Account&amp#27;[0m                    &amp#27;[90m# stepsDef.Steps.i_clicked_on_create_my_account()&amp#27;[0m
Application closing...
]]></system-out>
    <system-err><![CDATA[SLF4J: Failed to load class "org.slf4j.impl.StaticLoggerBinder".
SLF4J: Defaulting to no-operation (NOP) logger implementation
SLF4J: See http://www.slf4j.org/codes.html#StaticLoggerBinder for further details.
Mar 09, 2025 7:31:09 AM org.openqa.selenium.devtools.CdpVersionFinder findNearestMatch
WARNING: Unable to find an exact match for CDP version 133, returning the closest version; found: 131; Please update to a Selenium version that supports CDP version 133
]]></system-err>
  </testcase>
</testsuite>